Logfile initialized
[INFO] logfile = /home/addiel/Titanium Studio Workspace/Flisol/build.log
[DEBUG] /home/addiel/.titanium/mobilesdk/linux/1.8.2/android/builder.py simulator Flisol /home/addiel/developer/android linux/android-sdk-linux_x86 /home/addiel/Titanium Studio Workspace/Flisol com.FAM.Flisol 8 WQVGA400 
[INFO] Building Flisol for Android ... one moment
[INFO] Titanium SDK version: 1.8.2 (02/23/12 17:46 59b3a90)
[DEBUG] Waiting for device to be ready ...
[TRACE] adb devices returned 1 devices/emulators
[TRACE] adb devices returned 1 devices/emulators
[TRACE] adb devices returned 1 devices/emulators
[DEBUG] Device connected... (waited 10 seconds)
[DEBUG] waited 10.025564 seconds on emulator to get ready
[INFO] Waiting for the Android Emulator to become available
[DEBUG] com.FAM.Flisol installed? True
[INFO] Fastdev server running, deploying in Fastdev mode
[INFO] Copying project resources..
[INFO] Detected tiapp.xml change (or assets deleted), forcing full re-build...
[TRACE] COPYING CREATED FILE: /home/addiel/Titanium Studio Workspace/Flisol/Resources/KS_nav_views.png => /home/addiel/Titanium Studio Workspace/Flisol/build/android/bin/assets/Resources/KS_nav_views.png
[TRACE] COPYING CREATED FILE: /home/addiel/Titanium Studio Workspace/Flisol/Resources/images/flisol1.JPG => /home/addiel/Titanium Studio Workspace/Flisol/build/android/bin/assets/Resources/images/flisol1.JPG
[TRACE] COPYING CREATED FILE: /home/addiel/Titanium Studio Workspace/Flisol/Resources/images/._dos.png => /home/addiel/Titanium Studio Workspace/Flisol/build/android/bin/assets/Resources/images/._dos.png
[TRACE] COPYING CREATED FILE: /home/addiel/Titanium Studio Workspace/Flisol/Resources/images/casa.png => /home/addiel/Titanium Studio Workspace/Flisol/build/android/bin/assets/Resources/images/casa.png
[TRACE] COPYING CREATED FILE: /home/addiel/Titanium Studio Workspace/Flisol/Resources/images/mapa.png => /home/addiel/Titanium Studio Workspace/Flisol/build/android/bin/assets/Resources/images/mapa.png
[TRACE] COPYING CREATED FILE: /home/addiel/Titanium Studio Workspace/Flisol/Resources/images/uno.png => /home/addiel/Titanium Studio Workspace/Flisol/build/android/bin/assets/Resources/images/uno.png
[TRACE] COPYING CREATED FILE: /home/addiel/Titanium Studio Workspace/Flisol/Resources/images/Orange_background.jpg => /home/addiel/Titanium Studio Workspace/Flisol/build/android/bin/assets/Resources/images/Orange_background.jpg
[TRACE] COPYING CREATED FILE: /home/addiel/Titanium Studio Workspace/Flisol/Resources/images/flisol2.JPG => /home/addiel/Titanium Studio Workspace/Flisol/build/android/bin/assets/Resources/images/flisol2.JPG
[TRACE] COPYING CREATED FILE: /home/addiel/Titanium Studio Workspace/Flisol/Resources/images/._flisol2.JPG => /home/addiel/Titanium Studio Workspace/Flisol/build/android/bin/assets/Resources/images/._flisol2.JPG
[TRACE] COPYING CREATED FILE: /home/addiel/Titanium Studio Workspace/Flisol/Resources/images/contacto.png => /home/addiel/Titanium Studio Workspace/Flisol/build/android/bin/assets/Resources/images/contacto.png
[TRACE] COPYING CREATED FILE: /home/addiel/Titanium Studio Workspace/Flisol/Resources/images/flisol3.jpg => /home/addiel/Titanium Studio Workspace/Flisol/build/android/bin/assets/Resources/images/flisol3.jpg
[TRACE] COPYING CREATED FILE: /home/addiel/Titanium Studio Workspace/Flisol/Resources/images/calendar.png => /home/addiel/Titanium Studio Workspace/Flisol/build/android/bin/assets/Resources/images/calendar.png
[TRACE] COPYING CREATED FILE: /home/addiel/Titanium Studio Workspace/Flisol/Resources/images/dos.png => /home/addiel/Titanium Studio Workspace/Flisol/build/android/bin/assets/Resources/images/dos.png
[TRACE] COPYING CREATED FILE: /home/addiel/Titanium Studio Workspace/Flisol/Resources/images/._flisol1.JPG => /home/addiel/Titanium Studio Workspace/Flisol/build/android/bin/assets/Resources/images/._flisol1.JPG
[TRACE] COPYING CREATED FILE: /home/addiel/Titanium Studio Workspace/Flisol/Resources/images/reload.png => /home/addiel/Titanium Studio Workspace/Flisol/build/android/bin/assets/Resources/images/reload.png
[TRACE] COPYING CREATED FILE: /home/addiel/Titanium Studio Workspace/Flisol/Resources/images/map-marker.png => /home/addiel/Titanium Studio Workspace/Flisol/build/android/bin/assets/Resources/images/map-marker.png
[TRACE] COPYING CREATED FILE: /home/addiel/Titanium Studio Workspace/Flisol/Resources/images/._mapa.png => /home/addiel/Titanium Studio Workspace/Flisol/build/android/bin/assets/Resources/images/._mapa.png
[TRACE] COPYING CREATED FILE: /home/addiel/Titanium Studio Workspace/Flisol/Resources/images/acerca.png => /home/addiel/Titanium Studio Workspace/Flisol/build/android/bin/assets/Resources/images/acerca.png
[TRACE] COPYING CREATED FILE: /home/addiel/Titanium Studio Workspace/Flisol/Resources/images/tres.png => /home/addiel/Titanium Studio Workspace/Flisol/build/android/bin/assets/Resources/images/tres.png
[TRACE] COPYING CREATED FILE: /home/addiel/Titanium Studio Workspace/Flisol/Resources/images/._acerca.png => /home/addiel/Titanium Studio Workspace/Flisol/build/android/bin/assets/Resources/images/._acerca.png
[TRACE] COPYING CREATED FILE: /home/addiel/Titanium Studio Workspace/Flisol/Resources/images/._flisol3.jpg => /home/addiel/Titanium Studio Workspace/Flisol/build/android/bin/assets/Resources/images/._flisol3.jpg
[TRACE] COPYING CREATED FILE: /home/addiel/Titanium Studio Workspace/Flisol/Resources/images/bird.png => /home/addiel/Titanium Studio Workspace/Flisol/build/android/bin/assets/Resources/images/bird.png
[TRACE] COPYING CREATED FILE: /home/addiel/Titanium Studio Workspace/Flisol/Resources/app.js => /home/addiel/Titanium Studio Workspace/Flisol/build/android/bin/assets/Resources/app.js
[TRACE] COPYING CREATED FILE: /home/addiel/Titanium Studio Workspace/Flisol/Resources/android/appicon.png => /home/addiel/Titanium Studio Workspace/Flisol/build/android/bin/assets/Resources/appicon.png
[TRACE] COPYING CREATED FILE: /home/addiel/Titanium Studio Workspace/Flisol/Resources/android/default.png => /home/addiel/Titanium Studio Workspace/Flisol/build/android/bin/assets/Resources/default.png
[TRACE] COPYING CREATED FILE: /home/addiel/Titanium Studio Workspace/Flisol/Resources/json/js.js => /home/addiel/Titanium Studio Workspace/Flisol/build/android/bin/assets/Resources/json/js.js
[TRACE] COPYING CREATED FILE: /home/addiel/Titanium Studio Workspace/Flisol/Resources/json/json.js => /home/addiel/Titanium Studio Workspace/Flisol/build/android/bin/assets/Resources/json/json.js
[TRACE] COPYING CREATED FILE: /home/addiel/Titanium Studio Workspace/Flisol/Resources/db/db.js => /home/addiel/Titanium Studio Workspace/Flisol/build/android/bin/assets/Resources/db/db.js
[TRACE] COPYING CREATED FILE: /home/addiel/Titanium Studio Workspace/Flisol/Resources/KS_nav_ui.png => /home/addiel/Titanium Studio Workspace/Flisol/build/android/bin/assets/Resources/KS_nav_ui.png
[TRACE] COPYING CREATED FILE: /home/addiel/Titanium Studio Workspace/Flisol/Resources/ui/mapas.js => /home/addiel/Titanium Studio Workspace/Flisol/build/android/bin/assets/Resources/ui/mapas.js
[TRACE] COPYING CREATED FILE: /home/addiel/Titanium Studio Workspace/Flisol/Resources/ui/redes.js => /home/addiel/Titanium Studio Workspace/Flisol/build/android/bin/assets/Resources/ui/redes.js
[TRACE] COPYING CREATED FILE: /home/addiel/Titanium Studio Workspace/Flisol/Resources/ui/detalleSede.js => /home/addiel/Titanium Studio Workspace/Flisol/build/android/bin/assets/Resources/ui/detalleSede.js
[TRACE] COPYING CREATED FILE: /home/addiel/Titanium Studio Workspace/Flisol/Resources/ui/pagina.js => /home/addiel/Titanium Studio Workspace/Flisol/build/android/bin/assets/Resources/ui/pagina.js
[TRACE] COPYING CREATED FILE: /home/addiel/Titanium Studio Workspace/Flisol/Resources/ui/acerca.js => /home/addiel/Titanium Studio Workspace/Flisol/build/android/bin/assets/Resources/ui/acerca.js
[TRACE] COPYING CREATED FILE: /home/addiel/Titanium Studio Workspace/Flisol/Resources/ui/mapa.js => /home/addiel/Titanium Studio Workspace/Flisol/build/android/bin/assets/Resources/ui/mapa.js
[TRACE] COPYING CREATED FILE: /home/addiel/Titanium Studio Workspace/Flisol/Resources/ui/main.js => /home/addiel/Titanium Studio Workspace/Flisol/build/android/bin/assets/Resources/ui/main.js
[TRACE] COPYING CREATED FILE: /home/addiel/Titanium Studio Workspace/Flisol/Resources/ui/sedes.js => /home/addiel/Titanium Studio Workspace/Flisol/build/android/bin/assets/Resources/ui/sedes.js
[TRACE] COPYING CREATED FILE: /home/addiel/Titanium Studio Workspace/Flisol/Resources/data/images.js => /home/addiel/Titanium Studio Workspace/Flisol/build/android/bin/assets/Resources/data/images.js
[TRACE] Generating Java Classes
[DEBUG] Processing Android resource drawables
[TRACE] COPYING FILE: /home/addiel/Titanium Studio Workspace/Flisol/Resources/android/images/res-notlong-land-hdpi/default.png => /home/addiel/Titanium Studio Workspace/Flisol/build/android/res/drawable-notlong-land-hdpi/default_d44e27d97b.png
[TRACE] COPYING FILE: /home/addiel/Titanium Studio Workspace/Flisol/Resources/android/images/res-notlong-port-ldpi/default.png => /home/addiel/Titanium Studio Workspace/Flisol/build/android/res/drawable-notlong-port-ldpi/default_d44e27d97b.png
[TRACE] COPYING FILE: /home/addiel/Titanium Studio Workspace/Flisol/Resources/android/images/res-long-port-ldpi/default.png => /home/addiel/Titanium Studio Workspace/Flisol/build/android/res/drawable-long-port-ldpi/default_d44e27d97b.png
[TRACE] COPYING FILE: /home/addiel/Titanium Studio Workspace/Flisol/Resources/android/images/res-notlong-port-hdpi/default.png => /home/addiel/Titanium Studio Workspace/Flisol/build/android/res/drawable-notlong-port-hdpi/default_d44e27d97b.png
[TRACE] COPYING FILE: /home/addiel/Titanium Studio Workspace/Flisol/Resources/android/images/res-long-port-hdpi/default.png => /home/addiel/Titanium Studio Workspace/Flisol/build/android/res/drawable-long-port-hdpi/default_d44e27d97b.png
[TRACE] COPYING FILE: /home/addiel/Titanium Studio Workspace/Flisol/Resources/android/images/res-long-land-hdpi/default.png => /home/addiel/Titanium Studio Workspace/Flisol/build/android/res/drawable-long-land-hdpi/default_d44e27d97b.png
[TRACE] COPYING FILE: /home/addiel/Titanium Studio Workspace/Flisol/Resources/android/images/res-long-land-ldpi/default.png => /home/addiel/Titanium Studio Workspace/Flisol/build/android/res/drawable-long-land-ldpi/default_d44e27d97b.png
[TRACE] COPYING FILE: /home/addiel/Titanium Studio Workspace/Flisol/Resources/android/images/res-notlong-port-mdpi/default.png => /home/addiel/Titanium Studio Workspace/Flisol/build/android/res/drawable-notlong-port-mdpi/default_d44e27d97b.png
[TRACE] COPYING FILE: /home/addiel/Titanium Studio Workspace/Flisol/Resources/android/images/res-notlong-land-ldpi/default.png => /home/addiel/Titanium Studio Workspace/Flisol/build/android/res/drawable-notlong-land-ldpi/default_d44e27d97b.png
[TRACE] COPYING FILE: /home/addiel/Titanium Studio Workspace/Flisol/Resources/android/images/res-notlong-land-mdpi/default.png => /home/addiel/Titanium Studio Workspace/Flisol/build/android/res/drawable-notlong-land-mdpi/default_d44e27d97b.png
[DEBUG] app stylesheet => /home/addiel/Titanium Studio Workspace/Flisol/build/android/gen/com/FAM/Flisol/ApplicationStylesheet.java
[DEBUG] copying app icon: /home/addiel/Titanium Studio Workspace/Flisol/build/android/bin/assets/Resources/appicon.png
[DEBUG] generating theme.xml
[DEBUG] found drawable-notlong-land-hdpi splash screen at /home/addiel/Titanium Studio Workspace/Flisol/Resources/android/images/res-notlong-land-hdpi/default.png
[DEBUG] copying /home/addiel/Titanium Studio Workspace/Flisol/Resources/android/images/res-notlong-land-hdpi/default.png splash screen to /home/addiel/Titanium Studio Workspace/Flisol/build/android/res/drawable-notlong-land-hdpi/background.png
[DEBUG] found drawable-notlong-port-ldpi splash screen at /home/addiel/Titanium Studio Workspace/Flisol/Resources/android/images/res-notlong-port-ldpi/default.png
[DEBUG] copying /home/addiel/Titanium Studio Workspace/Flisol/Resources/android/images/res-notlong-port-ldpi/default.png splash screen to /home/addiel/Titanium Studio Workspace/Flisol/build/android/res/drawable-notlong-port-ldpi/background.png
[DEBUG] found drawable-long-port-ldpi splash screen at /home/addiel/Titanium Studio Workspace/Flisol/Resources/android/images/res-long-port-ldpi/default.png
[DEBUG] copying /home/addiel/Titanium Studio Workspace/Flisol/Resources/android/images/res-long-port-ldpi/default.png splash screen to /home/addiel/Titanium Studio Workspace/Flisol/build/android/res/drawable-long-port-ldpi/background.png
[DEBUG] found drawable-notlong-port-hdpi splash screen at /home/addiel/Titanium Studio Workspace/Flisol/Resources/android/images/res-notlong-port-hdpi/default.png
[DEBUG] copying /home/addiel/Titanium Studio Workspace/Flisol/Resources/android/images/res-notlong-port-hdpi/default.png splash screen to /home/addiel/Titanium Studio Workspace/Flisol/build/android/res/drawable-notlong-port-hdpi/background.png
[DEBUG] found drawable-long-port-hdpi splash screen at /home/addiel/Titanium Studio Workspace/Flisol/Resources/android/images/res-long-port-hdpi/default.png
[DEBUG] copying /home/addiel/Titanium Studio Workspace/Flisol/Resources/android/images/res-long-port-hdpi/default.png splash screen to /home/addiel/Titanium Studio Workspace/Flisol/build/android/res/drawable-long-port-hdpi/background.png
[DEBUG] found drawable-long-land-hdpi splash screen at /home/addiel/Titanium Studio Workspace/Flisol/Resources/android/images/res-long-land-hdpi/default.png
[DEBUG] copying /home/addiel/Titanium Studio Workspace/Flisol/Resources/android/images/res-long-land-hdpi/default.png splash screen to /home/addiel/Titanium Studio Workspace/Flisol/build/android/res/drawable-long-land-hdpi/background.png
[DEBUG] found drawable-long-land-ldpi splash screen at /home/addiel/Titanium Studio Workspace/Flisol/Resources/android/images/res-long-land-ldpi/default.png
[DEBUG] copying /home/addiel/Titanium Studio Workspace/Flisol/Resources/android/images/res-long-land-ldpi/default.png splash screen to /home/addiel/Titanium Studio Workspace/Flisol/build/android/res/drawable-long-land-ldpi/background.png
[DEBUG] found drawable-notlong-port-mdpi splash screen at /home/addiel/Titanium Studio Workspace/Flisol/Resources/android/images/res-notlong-port-mdpi/default.png
[DEBUG] copying /home/addiel/Titanium Studio Workspace/Flisol/Resources/android/images/res-notlong-port-mdpi/default.png splash screen to /home/addiel/Titanium Studio Workspace/Flisol/build/android/res/drawable-notlong-port-mdpi/background.png
[DEBUG] found drawable-notlong-land-ldpi splash screen at /home/addiel/Titanium Studio Workspace/Flisol/Resources/android/images/res-notlong-land-ldpi/default.png
[DEBUG] copying /home/addiel/Titanium Studio Workspace/Flisol/Resources/android/images/res-notlong-land-ldpi/default.png splash screen to /home/addiel/Titanium Studio Workspace/Flisol/build/android/res/drawable-notlong-land-ldpi/background.png
[DEBUG] found drawable-notlong-land-mdpi splash screen at /home/addiel/Titanium Studio Workspace/Flisol/Resources/android/images/res-notlong-land-mdpi/default.png
[DEBUG] copying /home/addiel/Titanium Studio Workspace/Flisol/Resources/android/images/res-notlong-land-mdpi/default.png splash screen to /home/addiel/Titanium Studio Workspace/Flisol/build/android/res/drawable-notlong-land-mdpi/background.png
[DEBUG] found splash screen at /home/addiel/Titanium Studio Workspace/Flisol/build/android/bin/assets/Resources/default.png
[TRACE] Writing out AndroidManifest.xml
[DEBUG] adding /home/addiel/Titanium Studio Workspace/Flisol/build/android/gen/com/FAM/Flisol/FlisolActivity.java to javac build list
[DEBUG] adding /home/addiel/Titanium Studio Workspace/Flisol/build/android/gen/com/FAM/Flisol/FlisolApplication.java to javac build list
[DEBUG] adding /home/addiel/Titanium Studio Workspace/Flisol/build/android/gen/com/FAM/Flisol/R.java to javac build list
[DEBUG] adding /home/addiel/Titanium Studio Workspace/Flisol/build/android/gen/com/FAM/Flisol/ApplicationStylesheet.java to javac build list
[DEBUG] adding /home/addiel/Titanium Studio Workspace/Flisol/build/android/gen/com/FAM/Flisol/FlisolAppInfo.java to javac build list
[DEBUG] Building Java Sources: "/home/addiel/Titanium Studio Workspace/Flisol/build/android/gen/com/FAM/Flisol/FlisolActivity.java" "/home/addiel/Titanium Studio Workspace/Flisol/build/android/gen/com/FAM/Flisol/FlisolApplication.java" "/home/addiel/Titanium Studio Workspace/Flisol/build/android/gen/com/FAM/Flisol/R.java" "/home/addiel/Titanium Studio Workspace/Flisol/build/android/gen/com/FAM/Flisol/ApplicationStylesheet.java" "/home/addiel/Titanium Studio Workspace/Flisol/build/android/gen/com/FAM/Flisol/FlisolAppInfo.java"
[INFO] Waiting for SDCard to become available..
[INFO] Compiling Android Resources... This could take some time
[DEBUG] Android classes.dex built
[DEBUG] creating unsigned apk: /home/addiel/Titanium Studio Workspace/Flisol/build/android/bin/app-unsigned.apk
[DEBUG] from resource zip => assets/Resources/data/images.js
[DEBUG] from resource zip => assets/Resources/db/db.js
[DEBUG] from resource zip => assets/Resources/images/Orange_background.jpg
[DEBUG] from resource zip => assets/Resources/images/acerca.png
[DEBUG] from resource zip => assets/Resources/images/bird.png
[DEBUG] from resource zip => assets/Resources/images/calendar.png
[DEBUG] from resource zip => assets/Resources/images/casa.png
[DEBUG] from resource zip => assets/Resources/images/contacto.png
[DEBUG] from resource zip => assets/Resources/images/dos.png
[DEBUG] from resource zip => assets/Resources/images/flisol1.JPG
[DEBUG] from resource zip => assets/Resources/images/flisol2.JPG
[DEBUG] from resource zip => assets/Resources/images/flisol3.jpg
[DEBUG] from resource zip => assets/Resources/images/map-marker.png
[DEBUG] from resource zip => assets/Resources/images/mapa.png
[DEBUG] from resource zip => assets/Resources/images/reload.png
[DEBUG] from resource zip => assets/Resources/images/tres.png
[DEBUG] from resource zip => assets/Resources/images/uno.png
[DEBUG] from resource zip => assets/Resources/json/js.js
[DEBUG] from resource zip => assets/Resources/json/json.js
[DEBUG] from resource zip => assets/Resources/ui/acerca.js
[DEBUG] from resource zip => assets/Resources/ui/detalleSede.js
[DEBUG] from resource zip => assets/Resources/ui/main.js
[DEBUG] from resource zip => assets/Resources/ui/mapa.js
[DEBUG] from resource zip => assets/Resources/ui/mapas.js
[DEBUG] from resource zip => assets/Resources/ui/pagina.js
[DEBUG] from resource zip => assets/Resources/ui/redes.js
[DEBUG] from resource zip => assets/Resources/ui/sedes.js
[DEBUG] from resource zip => assets/Resources/KS_nav_ui.png
[DEBUG] from resource zip => assets/Resources/KS_nav_views.png
[DEBUG] from resource zip => assets/Resources/app.js
[DEBUG] from resource zip => assets/Resources/appicon.png
[DEBUG] from resource zip => assets/Resources/default.png
[DEBUG] from resource zip => assets/app.json
[DEBUG] from resource zip => assets/index.json
[DEBUG] from resource zip => assets/tiapp.xml
[DEBUG] from resource zip => res/drawable/appicon.png
[DEBUG] from resource zip => res/drawable/background.png
[DEBUG] from resource zip => res/drawable/close.png
[DEBUG] from resource zip => res/drawable/facebook_login.png
[DEBUG] from resource zip => res/drawable/facebook_login_down.png
[DEBUG] from resource zip => res/drawable/facebook_login_wide.png
[DEBUG] from resource zip => res/drawable/facebook_login_wide_down.png
[DEBUG] from resource zip => res/drawable/facebook_logout.png
[DEBUG] from resource zip => res/drawable/facebook_logout_down.png
[DEBUG] from resource zip => res/layout/titanium_tabgroup.xml
[DEBUG] from resource zip => AndroidManifest.xml
[DEBUG] from resource zip => resources.arsc
[DEBUG] from resource zip => res/drawable-hdpi/close.png
[DEBUG] from resource zip => res/drawable-ldpi/close.png
[DEBUG] from resource zip => res/drawable-long-land-hdpi/background.png
[DEBUG] from resource zip => res/drawable-long-land-hdpi/default_d44e27d97b.png
[DEBUG] from resource zip => res/drawable-long-land-ldpi/background.png
[DEBUG] from resource zip => res/drawable-long-land-ldpi/default_d44e27d97b.png
[DEBUG] from resource zip => res/drawable-long-port-hdpi/background.png
[DEBUG] from resource zip => res/drawable-long-port-hdpi/default_d44e27d97b.png
[DEBUG] from resource zip => res/drawable-long-port-ldpi/background.png
[DEBUG] from resource zip => res/drawable-long-port-ldpi/default_d44e27d97b.png
[DEBUG] from resource zip => res/drawable-notlong-land-hdpi/background.png
[DEBUG] from resource zip => res/drawable-notlong-land-hdpi/default_d44e27d97b.png
[DEBUG] from resource zip => res/drawable-notlong-land-ldpi/background.png
[DEBUG] from resource zip => res/drawable-notlong-land-ldpi/default_d44e27d97b.png
[DEBUG] from resource zip => res/drawable-notlong-land-mdpi/background.png
[DEBUG] from resource zip => res/drawable-notlong-land-mdpi/default_d44e27d97b.png
[DEBUG] from resource zip => res/drawable-notlong-port-hdpi/background.png
[DEBUG] from resource zip => res/drawable-notlong-port-hdpi/default_d44e27d97b.png
[DEBUG] from resource zip => res/drawable-notlong-port-ldpi/background.png
[DEBUG] from resource zip => res/drawable-notlong-port-ldpi/default_d44e27d97b.png
[DEBUG] from resource zip => res/drawable-notlong-port-mdpi/background.png
[DEBUG] from resource zip => res/drawable-notlong-port-mdpi/default_d44e27d97b.png
[DEBUG] from JAR /home/addiel/.titanium/mobilesdk/linux/1.8.2/android/modules/titanium-facebook.jar => ti/modules/titanium/facebook/LICENSE
[DEBUG] from JAR /home/addiel/.titanium/mobilesdk/linux/1.8.2/android/titanium.jar => org/appcelerator/titanium/build.properties
[DEBUG] from JAR /home/addiel/.titanium/mobilesdk/linux/1.8.2/android/titanium.jar => org/appcelerator/titanium/res/drawable/background.png
[DEBUG] from JAR /home/addiel/.titanium/mobilesdk/linux/1.8.2/android/titanium.jar => org/appcelerator/titanium/res/drawable/btn_check_buttonless_on.png
[DEBUG] from JAR /home/addiel/.titanium/mobilesdk/linux/1.8.2/android/titanium.jar => org/appcelerator/titanium/res/drawable/btn_check_buttonless_on_18.png
[DEBUG] from JAR /home/addiel/.titanium/mobilesdk/linux/1.8.2/android/titanium.jar => org/appcelerator/titanium/res/drawable/btn_check_buttonless_on_48.png
[DEBUG] from JAR /home/addiel/.titanium/mobilesdk/linux/1.8.2/android/titanium.jar => org/appcelerator/titanium/res/drawable/btn_more.png
[DEBUG] from JAR /home/addiel/.titanium/mobilesdk/linux/1.8.2/android/titanium.jar => org/appcelerator/titanium/res/drawable/btn_more_18.png
[DEBUG] from JAR /home/addiel/.titanium/mobilesdk/linux/1.8.2/android/titanium.jar => org/appcelerator/titanium/res/drawable/btn_more_48.png
[DEBUG] from JAR /home/addiel/.titanium/mobilesdk/linux/1.8.2/android/titanium.jar => org/appcelerator/titanium/res/drawable/btn_picker_normal.9.png
[DEBUG] from JAR /home/addiel/.titanium/mobilesdk/linux/1.8.2/android/titanium.jar => org/appcelerator/titanium/res/drawable/btn_picker_pressed.9.png
[DEBUG] from JAR /home/addiel/.titanium/mobilesdk/linux/1.8.2/android/titanium.jar => org/appcelerator/titanium/res/drawable/btn_picker_selected.9.png
[DEBUG] from JAR /home/addiel/.titanium/mobilesdk/linux/1.8.2/android/titanium.jar => org/appcelerator/titanium/res/drawable/default_icon.png
[DEBUG] from JAR /home/addiel/.titanium/mobilesdk/linux/1.8.2/android/titanium.jar => org/appcelerator/titanium/res/drawable/photoDefault.png
[DEBUG] from JAR /home/addiel/.titanium/mobilesdk/linux/1.8.2/android/thirdparty.jar => org/apache/Commons-NOTICE.txt
[DEBUG] from JAR /home/addiel/.titanium/mobilesdk/linux/1.8.2/android/thirdparty.jar => org/apache/HttpComponents-NOTICE.txt
[DEBUG] from JAR /home/addiel/.titanium/mobilesdk/linux/1.8.2/android/thirdparty.jar => org/apache/mime4j-NOTICE.txt
[DEBUG] from JAR /home/addiel/.titanium/mobilesdk/linux/1.8.2/android/modules/titanium-ui.jar => ti/modules/titanium/ui/widget/webview/binding.js
[DEBUG] from JAR /home/addiel/.titanium/mobilesdk/linux/1.8.2/android/modules/titanium-ui.jar => ti/modules/titanium/ui/widget/webview/binding.min.js
[DEBUG] from JAR /home/addiel/.titanium/mobilesdk/linux/1.8.2/android/modules/titanium-ui.jar => ti/modules/titanium/ui/widget/webview/json2.js
[DEBUG] installing native SDK libs
[DEBUG] Waiting for device to be ready ...
[TRACE] adb devices returned 1 devices/emulators
[DEBUG] Device connected... (waited 0 seconds)
[DEBUG] waited 0.020255 seconds on emulator to get ready
[INFO] Installing application on emulator
[INFO] Launching application ... Flisol
[TRACE] Launch output: Starting: Intent { act=android.intent.action.MAIN cat=[android.intent.category.LAUNCHER] cmp=com.FAM.Flisol/.FlisolActivity }

[INFO] Deployed Flisol ... Application should be running.
